<?xml version="1.0" encoding="UTF-8"?>
<testng-results total="1" passed="1" failed="0" skipped="0">
  <reporter-output>
  </reporter-output>
  <suite started-at="2020-12-01T15:16:21Z" name="Suite" finished-at="2020-12-01T15:26:58Z" duration-ms="637403">
    <groups>
      <group name="cucumber">
        <method signature="AbstractTestNGCucumberTests.feature(cucumber.api.testng.CucumberFeatureWrapper)[pri:0, instance:testRunner.TestRunnerTG@368247b9]" name="feature" class="cucumber.api.testng.AbstractTestNGCucumberTests"/>
      </group> <!-- cucumber -->
    </groups>
    <test started-at="2020-12-01T15:16:21Z" name="Test" finished-at="2020-12-01T15:26:58Z" duration-ms="637403">
      <class name="testRunner.TestRunnerTG">
        <test-method is-config="true" signature="setUpClass()[pri:0, instance:testRunner.TestRunnerTG@368247b9]" started-at="2020-12-01T20:46:21Z" name="setUpClass" finished-at="2020-12-01T20:46:21Z" duration-ms="215" status="PASS">
          <reporter-output>
          </reporter-output>
        </test-method> <!-- setUpClass -->
        <test-method signature="feature(cucumber.api.testng.CucumberFeatureWrapper)[pri:0, instance:testRunner.TestRunnerTG@368247b9]" started-at="2020-12-01T20:46:21Z" name="feature" description="Runs Cucumber Feature" data-provider="features" finished-at="2020-12-01T20:56:58Z" duration-ms="637114" status="PASS">
          <params>
            <param index="0">
              <value>
                <![CDATA[FreeCRM website]]>
              </value>
            </param>
          </params>
          <reporter-output>
          </reporter-output>
        </test-method> <!-- feature -->
        <test-method is-config="true" signature="tearDownClass()[pri:0, instance:testRunner.TestRunnerTG@368247b9]" started-at="2020-12-01T20:56:58Z" name="tearDownClass" finished-at="2020-12-01T20:56:58Z" duration-ms="14" status="PASS">
          <reporter-output>
          </reporter-output>
        </test-method> <!-- tearDownClass -->
      </class> <!-- testRunner.TestRunnerTG -->
    </test> <!-- Test -->
  </suite> <!-- Suite -->
</testng-results>
